<?xml version="1.0" encoding="UTF-8"?>
<!-- Generated by org.testng.reporters.JUnitReportReporter -->
<testsuite hostname="DESKTOP-BNURHSR" failures="0" tests="1" name="WebAutomation.web.webTestpgobj" time="12.890" errors="0" timestamp="2025-01-02T18:45:18 EST" skipped="0">
  <testcase classname="WebAutomation.web.webTestpgobj" name="launchTestpage" time="12.890"/>
  <system-out/>
</testsuite> <!-- WebAutomation.web.webTestpgobj -->
