<?xml version="1.0" encoding="UTF-8"?>
<!-- Generated by org.testng.reporters.JUnitReportReporter -->
<testsuite hostname="DESKTOP-BNURHSR" failures="0" tests="1" name="WebAutomation.web.webTest" time="12.971" errors="0" timestamp="2025-01-04T15:52:06 EST" skipped="0">
  <testcase classname="WebAutomation.web.webTest" name="launchTestpage" time="12.971"/>
  <system-out/>
</testsuite> <!-- WebAutomation.web.webTest -->
