<?xml version="1.0" encoding="UTF-8"?>
<!-- Generated by org.testng.reporters.JUnitReportReporter -->
<testsuite hostname="DESKTOP-BNURHSR" failures="0" tests="2" name="WebAutomation.web.SeleniumGrid_DemoTest" time="12.448" errors="0" timestamp="2025-01-09T21:17:11 EST" skipped="0">
  <testcase classname="WebAutomation.web.SeleniumGrid_DemoTest" name="launcbrowser" time="1.849"/>
  <system-out/>
  <testcase classname="WebAutomation.web.SeleniumGrid_DemoTest" name="launcbrowser" time="10.599"/>
  <system-out/>
</testsuite> <!-- WebAutomation.web.SeleniumGrid_DemoTest -->
