<?xml version="1.0" encoding="UTF-8"?>
<!-- Generated by org.testng.reporters.JUnitReportReporter -->
<testsuite hostname="DESKTOP-BNURHSR" failures="0" tests="1" name="WebAutomation.web.TC01_SubmitOrder" time="8.800" errors="0" timestamp="2025-01-04T17:58:56 EST" skipped="0">
  <testcase classname="WebAutomation.web.TC01_SubmitOrder" name="launchTestpage" time="8.800"/>
  <system-out/>
</testsuite> <!-- WebAutomation.web.TC01_SubmitOrder -->
