<?xml version="1.0" encoding="UTF-8"?>
<!-- Generated by org.testng.reporters.JUnitReportReporter -->
<testsuite hostname="DESKTOP-BNURHSR" failures="0" tests="1" name="WebAutomation.web.TC01_SubmitOrderTest" time="12.565" errors="0" timestamp="2025-01-11T16:02:06 EST" skipped="0">
  <testcase classname="WebAutomation.web.TC01_SubmitOrderTest" name="launchTestpage" time="12.565"/>
  <system-out/>
</testsuite> <!-- WebAutomation.web.TC01_SubmitOrderTest -->
