<?xml version="1.0" encoding="UTF-8"?>
<!-- Generated by org.testng.reporters.JUnitReportReporter -->
<testsuite hostname="DESKTOP-BNURHSR" failures="0" tests="1" name="WebAutomation.web.webTest" time="8.568" errors="0" timestamp="2025-01-04T20:25:07 EST" skipped="0">
  <testcase classname="WebAutomation.web.webTest" name="launchTestpage" time="8.568"/>
</testsuite> <!-- WebAutomation.web.webTest -->
