<?xml version="1.0" encoding="UTF-8"?>
<!-- Generated by org.testng.reporters.JUnitReportReporter -->
<testsuite hostname="DESKTOP-BNURHSR" failures="0" tests="1" name="WebAutomation.web.TC01_SubmitOrderTest" time="13.375" errors="0" timestamp="2025-01-04T20:54:15 EST" skipped="0">
  <testcase classname="WebAutomation.web.TC01_SubmitOrderTest" name="launchTestpage" time="13.375"/>
</testsuite> <!-- WebAutomation.web.TC01_SubmitOrderTest -->
